2026-06-20 03:24:33.224 [INFO] main.go:101: 
╔═══════════════════════════════════════════════════════════════╗
║     Air Mouse Pro Server v3.0.0                                   ║
║     Turn your phone into a wireless mouse                      ║
╚═══════════════════════════════════════════════════════════════╝

2026-06-20 03:24:33.224 [INFO] main.go:36: System Information:
2026-06-20 03:24:33.224 [INFO] main.go:37:   OS: darwin
2026-06-20 03:24:33.224 [INFO] main.go:38:   Arch: arm64
2026-06-20 03:24:33.224 [INFO] main.go:39:   CPUs: 8
2026-06-20 03:24:33.224 [INFO] main.go:40:   Go Version: go1.25.0
2026-06-20 03:24:33.224 [INFO] main.go:41:   Build Time: 2025-01-15
2026-06-20 03:24:33.224 [INFO] main.go:42:   Git Commit: unknown
2026-06-20 03:24:33.224 [INFO] main.go:58: Authentication disabled
2026-06-20 03:24:33.251 [INFO] main.go:78: Application started successfully
2026-06-20 03:24:33.251 [INFO] main.go:79: WebSocket server will listen on port 8081
2026-06-20 03:24:33.251 [INFO] main.go:80: TCP server will listen on port 8080
2026-06-20 03:24:33.251 [INFO] main.go:81: UDP discovery will listen on port 8082
2026-06-20 03:33:30.813 [INFO] main.go:101: 
╔═══════════════════════════════════════════════════════════════╗
║     Air Mouse Pro Server v3.0.0                                   ║
║     Turn your phone into a wireless mouse                      ║
╚═══════════════════════════════════════════════════════════════╝

2026-06-20 03:33:30.813 [INFO] main.go:36: System Information:
2026-06-20 03:33:30.813 [INFO] main.go:37:   OS: darwin
2026-06-20 03:33:30.813 [INFO] main.go:38:   Arch: arm64
2026-06-20 03:33:30.813 [INFO] main.go:39:   CPUs: 8
2026-06-20 03:33:30.813 [INFO] main.go:40:   Go Version: go1.25.0
2026-06-20 03:33:30.813 [INFO] main.go:41:   Build Time: 2025-01-15
2026-06-20 03:33:30.813 [INFO] main.go:42:   Git Commit: unknown
2026-06-20 03:33:30.813 [INFO] main.go:58: Authentication disabled
2026-06-20 03:33:30.818 [INFO] main.go:78: Application started successfully
2026-06-20 03:33:30.818 [INFO] main.go:79: WebSocket server will listen on port 8081
2026-06-20 03:33:30.818 [INFO] main.go:80: TCP server will listen on port 8080
2026-06-20 03:33:30.818 [INFO] main.go:81: UDP discovery will listen on port 8082
2026-06-20 03:35:41.135 [INFO] main.go:101: 
╔═══════════════════════════════════════════════════════════════╗
║     Air Mouse Pro Server v3.0.0                                   ║
║     Turn your phone into a wireless mouse                      ║
╚═══════════════════════════════════════════════════════════════╝

2026-06-20 03:35:41.135 [INFO] main.go:36: System Information:
2026-06-20 03:35:41.135 [INFO] main.go:37:   OS: darwin
2026-06-20 03:35:41.135 [INFO] main.go:38:   Arch: arm64
2026-06-20 03:35:41.135 [INFO] main.go:39:   CPUs: 8
2026-06-20 03:35:41.135 [INFO] main.go:40:   Go Version: go1.25.0
2026-06-20 03:35:41.135 [INFO] main.go:41:   Build Time: 2025-01-15
2026-06-20 03:35:41.135 [INFO] main.go:42:   Git Commit: unknown
2026-06-20 03:35:41.135 [INFO] main.go:58: Authentication disabled
2026-06-20 03:35:41.140 [INFO] main.go:78: Application started successfully
2026-06-20 03:35:41.140 [INFO] main.go:79: WebSocket server will listen on port 8081
2026-06-20 03:35:41.140 [INFO] main.go:80: TCP server will listen on port 8080
2026-06-20 03:35:41.140 [INFO] main.go:81: UDP discovery will listen on port 8082
2026-06-20 03:36:38.761 [INFO] main.go:101: 
╔═══════════════════════════════════════════════════════════════╗
║     Air Mouse Pro Server v3.0.0                                   ║
║     Turn your phone into a wireless mouse                      ║
╚═══════════════════════════════════════════════════════════════╝

2026-06-20 03:36:38.762 [INFO] main.go:36: System Information:
2026-06-20 03:36:38.762 [INFO] main.go:37:   OS: darwin
2026-06-20 03:36:38.762 [INFO] main.go:38:   Arch: arm64
2026-06-20 03:36:38.762 [INFO] main.go:39:   CPUs: 8
2026-06-20 03:36:38.762 [INFO] main.go:40:   Go Version: go1.25.0
2026-06-20 03:36:38.762 [INFO] main.go:41:   Build Time: 2025-01-15
2026-06-20 03:36:38.762 [INFO] main.go:42:   Git Commit: unknown
2026-06-20 03:36:38.762 [INFO] main.go:58: Authentication disabled
2026-06-20 03:36:38.768 [INFO] main.go:78: Application started successfully
2026-06-20 03:36:38.768 [INFO] main.go:79: WebSocket server will listen on port 8081
2026-06-20 03:36:38.768 [INFO] main.go:80: TCP server will listen on port 8080
2026-06-20 03:36:38.768 [INFO] main.go:81: UDP discovery will listen on port 8082
2026-06-20 03:38:34.544 [INFO] main.go:101: 
╔═══════════════════════════════════════════════════════════════╗
║     Air Mouse Pro Server v3.0.0                                   ║
║     Turn your phone into a wireless mouse                      ║
╚═══════════════════════════════════════════════════════════════╝

2026-06-20 03:38:34.545 [INFO] main.go:36: System Information:
2026-06-20 03:38:34.545 [INFO] main.go:37:   OS: darwin
2026-06-20 03:38:34.545 [INFO] main.go:38:   Arch: arm64
2026-06-20 03:38:34.545 [INFO] main.go:39:   CPUs: 8
2026-06-20 03:38:34.545 [INFO] main.go:40:   Go Version: go1.25.0
2026-06-20 03:38:34.545 [INFO] main.go:41:   Build Time: 2025-01-15
2026-06-20 03:38:34.545 [INFO] main.go:42:   Git Commit: unknown
2026-06-20 03:38:34.545 [INFO] main.go:58: Authentication disabled
2026-06-20 03:38:34.550 [INFO] main.go:78: Application started successfully
2026-06-20 03:38:34.550 [INFO] main.go:79: WebSocket server will listen on port 8081
2026-06-20 03:38:34.550 [INFO] main.go:80: TCP server will listen on port 8080
2026-06-20 03:38:34.550 [INFO] main.go:81: UDP discovery will listen on port 8082
2026-06-20 03:38:47.143 [INFO] main.go:101: 
╔═══════════════════════════════════════════════════════════════╗
║     Air Mouse Pro Server v3.0.0                                   ║
║     Turn your phone into a wireless mouse                      ║
╚═══════════════════════════════════════════════════════════════╝

2026-06-20 03:38:47.143 [INFO] main.go:36: System Information:
2026-06-20 03:38:47.143 [INFO] main.go:37:   OS: darwin
2026-06-20 03:38:47.143 [INFO] main.go:38:   Arch: arm64
2026-06-20 03:38:47.143 [INFO] main.go:39:   CPUs: 8
2026-06-20 03:38:47.143 [INFO] main.go:40:   Go Version: go1.25.0
2026-06-20 03:38:47.143 [INFO] main.go:41:   Build Time: 2025-01-15
2026-06-20 03:38:47.143 [INFO] main.go:42:   Git Commit: unknown
2026-06-20 03:38:47.143 [INFO] main.go:58: Authentication disabled
2026-06-20 03:38:47.149 [INFO] main.go:78: Application started successfully
2026-06-20 03:38:47.149 [INFO] main.go:79: WebSocket server will listen on port 8081
2026-06-20 03:38:47.149 [INFO] main.go:80: TCP server will listen on port 8080
2026-06-20 03:38:47.149 [INFO] main.go:81: UDP discovery will listen on port 8082
2026-06-20 03:40:10.564 [INFO] main.go:101: 
╔═══════════════════════════════════════════════════════════════╗
║     Air Mouse Pro Server v3.0.0                                   ║
║     Turn your phone into a wireless mouse                      ║
╚═══════════════════════════════════════════════════════════════╝

2026-06-20 03:40:10.564 [INFO] main.go:36: System Information:
2026-06-20 03:40:10.564 [INFO] main.go:37:   OS: darwin
2026-06-20 03:40:10.564 [INFO] main.go:38:   Arch: arm64
2026-06-20 03:40:10.564 [INFO] main.go:39:   CPUs: 8
2026-06-20 03:40:10.564 [INFO] main.go:40:   Go Version: go1.25.0
2026-06-20 03:40:10.564 [INFO] main.go:41:   Build Time: 2025-01-15
2026-06-20 03:40:10.564 [INFO] main.go:42:   Git Commit: unknown
2026-06-20 03:40:10.564 [INFO] main.go:58: Authentication disabled
2026-06-20 03:40:10.568 [INFO] main.go:78: Application started successfully
2026-06-20 03:40:10.568 [INFO] main.go:79: WebSocket server will listen on port 8081
2026-06-20 03:40:10.568 [INFO] main.go:80: TCP server will listen on port 8080
2026-06-20 03:40:10.568 [INFO] main.go:81: UDP discovery will listen on port 8082
2026-06-20 03:40:38.221 [INFO] manager.go:95: Bluetooth manager started: adapter=default
2026-06-20 03:40:38.222 [INFO] server.go:117: USB serial server started: baud_rate=115200 auto_detect=true
2026-06-20 03:43:41.443 [INFO] main.go:122: Received signal: interrupt
2026-06-20 03:43:41.444 [INFO] main.go:136: Initiating graceful shutdown...
2026-06-20 03:43:41.444 [INFO] main.go:140: Stopping protocol server...
2026-06-20 03:43:41.459 [INFO] main.go:89: Shutting down...
2026-06-20 03:45:45.225 [INFO] main.go:101: 
╔═══════════════════════════════════════════════════════════════╗
║     Air Mouse Pro Server v3.0.0                                   ║
║     Turn your phone into a wireless mouse                      ║
╚═══════════════════════════════════════════════════════════════╝

2026-06-20 03:45:45.225 [INFO] main.go:36: System Information:
2026-06-20 03:45:45.225 [INFO] main.go:37:   OS: darwin
2026-06-20 03:45:45.225 [INFO] main.go:38:   Arch: arm64
2026-06-20 03:45:45.225 [INFO] main.go:39:   CPUs: 8
2026-06-20 03:45:45.225 [INFO] main.go:40:   Go Version: go1.25.0
2026-06-20 03:45:45.225 [INFO] main.go:41:   Build Time: 2025-01-15
2026-06-20 03:45:45.225 [INFO] main.go:42:   Git Commit: unknown
2026-06-20 03:45:45.225 [INFO] main.go:58: Authentication disabled
2026-06-20 03:45:45.230 [INFO] main.go:78: Application started successfully
2026-06-20 03:45:45.230 [INFO] main.go:79: WebSocket server will listen on port 8081
2026-06-20 03:45:45.230 [INFO] main.go:80: TCP server will listen on port 8080
2026-06-20 03:45:45.230 [INFO] main.go:81: UDP discovery will listen on port 8082
2026-06-20 03:46:37.064 [INFO] main.go:122: Received signal: interrupt
2026-06-20 03:46:37.065 [INFO] main.go:136: Initiating graceful shutdown...
2026-06-20 03:46:37.065 [INFO] main.go:140: Stopping protocol server...
2026-06-20 03:46:37.065 [INFO] main.go:146: Stopping UI...
2026-06-20 03:46:37.085 [INFO] main.go:150: Shutdown complete
2026-06-20 03:46:42.579 [INFO] main.go:86: 
╔═══════════════════════════════════════════════════════════════╗
║     Air Mouse Pro Server v3.0.0                                   ║
║     Turn your phone into a wireless mouse                      ║
╚═══════════════════════════════════════════════════════════════╝

2026-06-20 03:46:42.579 [INFO] main.go:91: System Information:
2026-06-20 03:46:42.579 [INFO] main.go:92:   OS: darwin
2026-06-20 03:46:42.579 [INFO] main.go:93:   Arch: arm64
2026-06-20 03:46:42.579 [INFO] main.go:94:   CPUs: 8
2026-06-20 03:46:42.579 [INFO] main.go:95:   Go Version: go1.25.0
2026-06-20 03:46:42.579 [INFO] main.go:96:   Build Time: 2025-01-15
2026-06-20 03:46:42.579 [INFO] main.go:97:   Git Commit: unknown
2026-06-20 03:46:42.579 [INFO] main.go:109: Authentication disabled
2026-06-20 03:46:42.586 [INFO] main.go:61: Application started successfully
2026-06-20 03:46:42.586 [INFO] main.go:62: WebSocket server will listen on port 8081
2026-06-20 03:46:42.586 [INFO] main.go:63: TCP server will listen on port 8080
2026-06-20 03:46:42.586 [INFO] main.go:64: UDP discovery will listen on port 8082
2026-06-20 03:46:51.531 [INFO] manager.go:95: Bluetooth manager started: adapter=default
2026-06-20 03:46:51.532 [INFO] server.go:117: USB serial server started: baud_rate=115200 auto_detect=true
2026-06-20 03:46:54.910 [INFO] main.go:135: Received signal: interrupt
2026-06-20 03:46:54.910 [INFO] main.go:149: Initiating graceful shutdown...
2026-06-20 03:46:54.910 [INFO] main.go:153: Stopping protocol server...
2026-06-20 03:46:54.921 [INFO] main.go:73: Shutting down...
